This is pdfTeX, Version 3.14159265-2.6-1.40.15 (TeX Live 2014) (preloaded format=pdflatex 2015.2.22)  24 FEB 2015 00:38
entering extended mode
 restricted \write18 enabled.
 file:line:error style messages enabled.
 %&-line parsing enabled.
**thesis.tex
(./thesis.tex
LaTeX2e <2014/05/01>
Babel <3.9k> and hyphenation patterns for 78 languages loaded.
(./puthesis_undergraduate.cls
Document Class: puthesis_undergraduate 2006/11/10 v1.0 Princeton University Und
ergraduate Thesis class
(/usr/local/texlive/2014/texmf-dist/tex/latex/setspace/setspace.sty
Package: setspace 2011/12/19 v6.7a set line spacing
)
\c@subyear=\count79

(/usr/local/texlive/2014/texmf-dist/tex/latex/base/report.cls
Document Class: report 2007/10/19 v1.4h Standard LaTeX document class
(/usr/local/texlive/2014/texmf-dist/tex/latex/base/size12.clo
File: size12.clo 2007/10/19 v1.4h Standard LaTeX file (size option)
)
\c@part=\count80
\c@chapter=\count81
\c@section=\count82
\c@subsection=\count83
\c@subsubsection=\count84
\c@paragraph=\count85
\c@subparagraph=\count86
\c@figure=\count87
\c@table=\count88
\abovecaptionskip=\skip41
\belowcaptionskip=\skip42
\bibindent=\dimen102
))
(/usr/local/texlive/2014/texmf-dist/tex/latex/amsfonts/amsfonts.sty
Package: amsfonts 2013/01/14 v3.01 Basic AMSFonts support
\@emptytoks=\toks14
\symAMSa=\mathgroup4
\symAMSb=\mathgroup5
LaTeX Font Info:    Overwriting math alphabet `\mathfrak' in version `bold'
(Font)                  U/euf/m/n --> U/euf/b/n on input line 106.
)
(/usr/local/texlive/2014/texmf-dist/tex/latex/amsfonts/amssymb.sty
Package: amssymb 2013/01/14 v3.01 AMS font symbols
)
(/usr/local/texlive/2014/texmf-dist/tex/latex/amsmath/amsmath.sty
Package: amsmath 2013/01/14 v2.14 AMS math features
\@mathmargin=\skip43

For additional information on amsmath, use the `?' option.
(/usr/local/texlive/2014/texmf-dist/tex/latex/amsmath/amstext.sty
Package: amstext 2000/06/29 v2.01

(/usr/local/texlive/2014/texmf-dist/tex/latex/amsmath/amsgen.sty
File: amsgen.sty 1999/11/30 v2.0
\@emptytoks=\toks15
\ex@=\dimen103
))
(/usr/local/texlive/2014/texmf-dist/tex/latex/amsmath/amsbsy.sty
Package: amsbsy 1999/11/29 v1.2d
\pmbraise@=\dimen104
)
(/usr/local/texlive/2014/texmf-dist/tex/latex/amsmath/amsopn.sty
Package: amsopn 1999/12/14 v2.01 operator names
)
\inf@bad=\count89
LaTeX Info: Redefining \frac on input line 210.
\uproot@=\count90
\leftroot@=\count91
LaTeX Info: Redefining \overline on input line 306.
\classnum@=\count92
\DOTSCASE@=\count93
LaTeX Info: Redefining \ldots on input line 378.
LaTeX Info: Redefining \dots on input line 381.
LaTeX Info: Redefining \cdots on input line 466.
\Mathstrutbox@=\box26
\strutbox@=\box27
\big@size=\dimen105
LaTeX Font Info:    Redeclaring font encoding OML on input line 566.
LaTeX Font Info:    Redeclaring font encoding OMS on input line 567.
\macc@depth=\count94
\c@MaxMatrixCols=\count95
\dotsspace@=\muskip10
\c@parentequation=\count96
\dspbrk@lvl=\count97
\tag@help=\toks16
\row@=\count98
\column@=\count99
\maxfields@=\count100
\andhelp@=\toks17
\eqnshift@=\dimen106
\alignsep@=\dimen107
\tagshift@=\dimen108
\tagwidth@=\dimen109
\totwidth@=\dimen110
\lineht@=\dimen111
\@envbody=\toks18
\multlinegap=\skip44
\multlinetaggap=\skip45
\mathdisplay@stack=\toks19
LaTeX Info: Redefining \[ on input line 2665.
LaTeX Info: Redefining \] on input line 2666.
)
(/usr/local/texlive/2014/texmf-dist/tex/latex/amscls/amsthm.sty
Package: amsthm 2004/08/06 v2.20
\thm@style=\toks20
\thm@bodyfont=\toks21
\thm@headfont=\toks22
\thm@notefont=\toks23
\thm@headpunct=\toks24
\thm@preskip=\skip46
\thm@postskip=\skip47
\thm@headsep=\skip48
\dth@everypar=\toks25
)
(/usr/local/texlive/2014/texmf-dist/tex/latex/base/latexsym.sty
Package: latexsym 1998/08/17 v2.2e Standard LaTeX package (lasy symbols)
\symlasy=\mathgroup6
LaTeX Font Info:    Overwriting symbol font `lasy' in version `bold'
(Font)                  U/lasy/m/n --> U/lasy/b/n on input line 47.
)
(/usr/local/texlive/2014/texmf-dist/tex/latex/graphics/graphicx.sty
Package: graphicx 2014/04/25 v1.0g Enhanced LaTeX Graphics (DPC,SPQR)

(/usr/local/texlive/2014/texmf-dist/tex/latex/graphics/keyval.sty
Package: keyval 2014/05/08 v1.15 key=value parser (DPC)
\KV@toks@=\toks26
)
(/usr/local/texlive/2014/texmf-dist/tex/latex/graphics/graphics.sty
Package: graphics 2009/02/05 v1.0o Standard LaTeX Graphics (DPC,SPQR)

(/usr/local/texlive/2014/texmf-dist/tex/latex/graphics/trig.sty
Package: trig 1999/03/16 v1.09 sin cos tan (DPC)
)
(/usr/local/texlive/2014/texmf-dist/tex/latex/latexconfig/graphics.cfg
File: graphics.cfg 2010/04/23 v1.9 graphics configuration of TeX Live
)
Package graphics Info: Driver file: pdftex.def on input line 91.

(/usr/local/texlive/2014/texmf-dist/tex/latex/pdftex-def/pdftex.def
File: pdftex.def 2011/05/27 v0.06d Graphics/color for pdfTeX

(/usr/local/texlive/2014/texmf-dist/tex/generic/oberdiek/infwarerr.sty
Package: infwarerr 2010/04/08 v1.3 Providing info/warning/error messages (HO)
)
(/usr/local/texlive/2014/texmf-dist/tex/generic/oberdiek/ltxcmds.sty
Package: ltxcmds 2011/11/09 v1.22 LaTeX kernel commands for general use (HO)
)
\Gread@gobject=\count101
))
\Gin@req@height=\dimen112
\Gin@req@width=\dimen113
)
(/usr/local/texlive/2014/texmf-dist/tex/latex/base/textcomp.sty
Package: textcomp 2005/09/27 v1.99g Standard LaTeX package
Package textcomp Info: Sub-encoding information:
(textcomp)               5 = only ISO-Adobe without \textcurrency
(textcomp)               4 = 5 + \texteuro
(textcomp)               3 = 4 + \textohm
(textcomp)               2 = 3 + \textestimated + \textcurrency
(textcomp)               1 = TS1 - \textcircled - \t
(textcomp)               0 = TS1 (full)
(textcomp)             Font families with sub-encoding setting implement
(textcomp)             only a restricted character set as indicated.
(textcomp)             Family '?' is the default used for unknown fonts.
(textcomp)             See the documentation for details.
Package textcomp Info: Setting ? sub-encoding to TS1/1 on input line 71.

(/usr/local/texlive/2014/texmf-dist/tex/latex/base/ts1enc.def
File: ts1enc.def 2001/06/05 v3.0e (jk/car/fm) Standard LaTeX file
)
LaTeX Info: Redefining \oldstylenums on input line 266.
Package textcomp Info: Setting cmr sub-encoding to TS1/0 on input line 281.
Package textcomp Info: Setting cmss sub-encoding to TS1/0 on input line 282.
Package textcomp Info: Setting cmtt sub-encoding to TS1/0 on input line 283.
Package textcomp Info: Setting cmvtt sub-encoding to TS1/0 on input line 284.
Package textcomp Info: Setting cmbr sub-encoding to TS1/0 on input line 285.
Package textcomp Info: Setting cmtl sub-encoding to TS1/0 on input line 286.
Package textcomp Info: Setting ccr sub-encoding to TS1/0 on input line 287.
Package textcomp Info: Setting ptm sub-encoding to TS1/4 on input line 288.
Package textcomp Info: Setting pcr sub-encoding to TS1/4 on input line 289.
Package textcomp Info: Setting phv sub-encoding to TS1/4 on input line 290.
Package textcomp Info: Setting ppl sub-encoding to TS1/3 on input line 291.
Package textcomp Info: Setting pag sub-encoding to TS1/4 on input line 292.
Package textcomp Info: Setting pbk sub-encoding to TS1/4 on input line 293.
Package textcomp Info: Setting pnc sub-encoding to TS1/4 on input line 294.
Package textcomp Info: Setting pzc sub-encoding to TS1/4 on input line 295.
Package textcomp Info: Setting bch sub-encoding to TS1/4 on input line 296.
Package textcomp Info: Setting put sub-encoding to TS1/5 on input line 297.
Package textcomp Info: Setting uag sub-encoding to TS1/5 on input line 298.
Package textcomp Info: Setting ugq sub-encoding to TS1/5 on input line 299.
Package textcomp Info: Setting ul8 sub-encoding to TS1/4 on input line 300.
Package textcomp Info: Setting ul9 sub-encoding to TS1/4 on input line 301.
Package textcomp Info: Setting augie sub-encoding to TS1/5 on input line 302.
Package textcomp Info: Setting dayrom sub-encoding to TS1/3 on input line 303.
Package textcomp Info: Setting dayroms sub-encoding to TS1/3 on input line 304.

Package textcomp Info: Setting pxr sub-encoding to TS1/0 on input line 305.
Package textcomp Info: Setting pxss sub-encoding to TS1/0 on input line 306.
Package textcomp Info: Setting pxtt sub-encoding to TS1/0 on input line 307.
Package textcomp Info: Setting txr sub-encoding to TS1/0 on input line 308.
Package textcomp Info: Setting txss sub-encoding to TS1/0 on input line 309.
Package textcomp Info: Setting txtt sub-encoding to TS1/0 on input line 310.
Package textcomp Info: Setting lmr sub-encoding to TS1/0 on input line 311.
Package textcomp Info: Setting lmdh sub-encoding to TS1/0 on input line 312.
Package textcomp Info: Setting lmss sub-encoding to TS1/0 on input line 313.
Package textcomp Info: Setting lmssq sub-encoding to TS1/0 on input line 314.
Package textcomp Info: Setting lmvtt sub-encoding to TS1/0 on input line 315.
Package textcomp Info: Setting qhv sub-encoding to TS1/0 on input line 316.
Package textcomp Info: Setting qag sub-encoding to TS1/0 on input line 317.
Package textcomp Info: Setting qbk sub-encoding to TS1/0 on input line 318.
Package textcomp Info: Setting qcr sub-encoding to TS1/0 on input line 319.
Package textcomp Info: Setting qcs sub-encoding to TS1/0 on input line 320.
Package textcomp Info: Setting qpl sub-encoding to TS1/0 on input line 321.
Package textcomp Info: Setting qtm sub-encoding to TS1/0 on input line 322.
Package textcomp Info: Setting qzc sub-encoding to TS1/0 on input line 323.
Package textcomp Info: Setting qhvc sub-encoding to TS1/0 on input line 324.
Package textcomp Info: Setting futs sub-encoding to TS1/4 on input line 325.
Package textcomp Info: Setting futx sub-encoding to TS1/4 on input line 326.
Package textcomp Info: Setting futj sub-encoding to TS1/4 on input line 327.
Package textcomp Info: Setting hlh sub-encoding to TS1/3 on input line 328.
Package textcomp Info: Setting hls sub-encoding to TS1/3 on input line 329.
Package textcomp Info: Setting hlst sub-encoding to TS1/3 on input line 330.
Package textcomp Info: Setting hlct sub-encoding to TS1/5 on input line 331.
Package textcomp Info: Setting hlx sub-encoding to TS1/5 on input line 332.
Package textcomp Info: Setting hlce sub-encoding to TS1/5 on input line 333.
Package textcomp Info: Setting hlcn sub-encoding to TS1/5 on input line 334.
Package textcomp Info: Setting hlcw sub-encoding to TS1/5 on input line 335.
Package textcomp Info: Setting hlcf sub-encoding to TS1/5 on input line 336.
Package textcomp Info: Setting pplx sub-encoding to TS1/3 on input line 337.
Package textcomp Info: Setting pplj sub-encoding to TS1/3 on input line 338.
Package textcomp Info: Setting ptmx sub-encoding to TS1/4 on input line 339.
Package textcomp Info: Setting ptmj sub-encoding to TS1/4 on input line 340.
)
(/usr/local/texlive/2014/texmf-dist/tex/latex/natbib/natbib.sty
Package: natbib 2010/09/13 8.31b (PWD, AO)
\bibhang=\skip49
\bibsep=\skip50
LaTeX Info: Redefining \cite on input line 694.
\c@NAT@ctr=\count102
)
(./newcommands.tex
\c@theorem=\count103
\c@claim=\count104
) (./thesis.aux)
\openout1 = `thesis.aux'.

LaTeX Font Info:    Checking defaults for OML/cmm/m/it on input line 33.
LaTeX Font Info:    ... okay on input line 33.
LaTeX Font Info:    Checking defaults for T1/cmr/m/n on input line 33.
LaTeX Font Info:    ... okay on input line 33.
LaTeX Font Info:    Checking defaults for OT1/cmr/m/n on input line 33.
LaTeX Font Info:    ... okay on input line 33.
LaTeX Font Info:    Checking defaults for OMS/cmsy/m/n on input line 33.
LaTeX Font Info:    ... okay on input line 33.
LaTeX Font Info:    Checking defaults for OMX/cmex/m/n on input line 33.
LaTeX Font Info:    ... okay on input line 33.
LaTeX Font Info:    Checking defaults for U/cmr/m/n on input line 33.
LaTeX Font Info:    ... okay on input line 33.
LaTeX Font Info:    Checking defaults for TS1/cmr/m/n on input line 33.
LaTeX Font Info:    Try loading font information for TS1+cmr on input line 33.

(/usr/local/texlive/2014/texmf-dist/tex/latex/base/ts1cmr.fd
File: ts1cmr.fd 1999/05/25 v2.5h Standard LaTeX font definitions
)
LaTeX Font Info:    ... okay on input line 33.
 [1

{/usr/local/texlive/2014/texmf-var/fonts/map/pdftex/updmap/pdftex.map}]
Underfull \hbox (badness 10000) in paragraph at lines 33--33

 []


Underfull \hbox (badness 10000) in paragraph at lines 33--33

 []


Underfull \hbox (badness 10000) in paragraph at lines 33--33

 []

[2

] (./Chapters/abstract.tex) [3

] (./Chapters/acknow.tex) [4

] [5

] (./thesis.toc
LaTeX Font Info:    Try loading font information for U+msa on input line 1.
(/usr/local/texlive/2014/texmf-dist/tex/latex/amsfonts/umsa.fd
File: umsa.fd 2013/01/14 v3.01 AMS symbols A
)
LaTeX Font Info:    Try loading font information for U+msb on input line 1.

(/usr/local/texlive/2014/texmf-dist/tex/latex/amsfonts/umsb.fd
File: umsb.fd 2013/01/14 v3.01 AMS symbols B
)
LaTeX Font Info:    Try loading font information for U+lasy on input line 1.

(/usr/local/texlive/2014/texmf-dist/tex/latex/base/ulasy.fd
File: ulasy.fd 1998/08/17 v2.2e LaTeX symbol font definitions
))
\tf@toc=\write3
\openout3 = `thesis.toc'.

 [6


] (./thesis.lot)
\tf@lot=\write4
\openout4 = `thesis.lot'.

 [7


] (./thesis.lof)
\tf@lof=\write5
\openout5 = `thesis.lof'.

 [8


]
(/usr/local/texlive/2014/texmf-dist/tex/context/base/supp-pdf.mkii
[Loading MPS to PDF converter (version 2006.09.02).]
\scratchcounter=\count105
\scratchdimen=\dimen114
\scratchbox=\box28
\nofMPsegments=\count106
\nofMParguments=\count107
\everyMPshowfont=\toks27
\MPscratchCnt=\count108
\MPscratchDim=\dimen115
\MPnumerator=\count109
\makeMPintoPDFobject=\count110
\everyMPtoPDFconversion=\toks28
) (/usr/local/texlive/2014/texmf-dist/tex/generic/oberdiek/pdftexcmds.sty
Package: pdftexcmds 2011/11/29 v0.20 Utility functions of pdfTeX for LuaTeX (HO
)

(/usr/local/texlive/2014/texmf-dist/tex/generic/oberdiek/ifluatex.sty
Package: ifluatex 2010/03/01 v1.3 Provides the ifluatex switch (HO)
Package ifluatex Info: LuaTeX not detected.
)
(/usr/local/texlive/2014/texmf-dist/tex/generic/oberdiek/ifpdf.sty
Package: ifpdf 2011/01/30 v2.3 Provides the ifpdf switch (HO)
Package ifpdf Info: pdfTeX in PDF mode is detected.
)
Package pdftexcmds Info: LuaTeX not detected.
Package pdftexcmds Info: \pdf@primitive is available.
Package pdftexcmds Info: \pdf@ifprimitive is available.
Package pdftexcmds Info: \pdfdraftmode found.
)
(/usr/local/texlive/2014/texmf-dist/tex/latex/oberdiek/epstopdf-base.sty
Package: epstopdf-base 2010/02/09 v2.5 Base part for package epstopdf

(/usr/local/texlive/2014/texmf-dist/tex/latex/oberdiek/grfext.sty
Package: grfext 2010/08/19 v1.1 Manage graphics extensions (HO)

(/usr/local/texlive/2014/texmf-dist/tex/generic/oberdiek/kvdefinekeys.sty
Package: kvdefinekeys 2011/04/07 v1.3 Define keys (HO)
))
(/usr/local/texlive/2014/texmf-dist/tex/latex/oberdiek/kvoptions.sty
Package: kvoptions 2011/06/30 v3.11 Key value format for package options (HO)

(/usr/local/texlive/2014/texmf-dist/tex/generic/oberdiek/kvsetkeys.sty
Package: kvsetkeys 2012/04/25 v1.16 Key value parser (HO)

(/usr/local/texlive/2014/texmf-dist/tex/generic/oberdiek/etexcmds.sty
Package: etexcmds 2011/02/16 v1.5 Avoid name clashes with e-TeX commands (HO)
Package etexcmds Info: Could not find \expanded.
(etexcmds)             That can mean that you are not using pdfTeX 1.50 or
(etexcmds)             that some package has redefined \expanded.
(etexcmds)             In the latter case, load this package earlier.
)))
Package grfext Info: Graphics extension search list:
(grfext)             [.png,.pdf,.jpg,.mps,.jpeg,.jbig2,.jb2,.PNG,.PDF,.JPG,.JPE
G,.JBIG2,.JB2,.eps]
(grfext)             \AppendGraphicsExtensions on input line 452.

(/usr/local/texlive/2014/texmf-dist/tex/latex/latexconfig/epstopdf-sys.cfg
File: epstopdf-sys.cfg 2010/07/13 v1.3 Configuration of (r)epstopdf for TeX Liv
e
))
Chapter 1.
(./Chapters/intro.tex) [1



]
Chapter 2.
(./Chapters/development.tex

LaTeX Warning: Command \textdegree invalid in math mode on input line 25.


LaTeX Warning: Command \textdegree invalid in math mode on input line 25.

Missing character: There is no ° in font cmr12!
[2

]

LaTeX Warning: Command \textdegree invalid in math mode on input line 32.


LaTeX Warning: Command \textdegree invalid in math mode on input line 32.


LaTeX Warning: Command \textdegree invalid in math mode on input line 32.


LaTeX Warning: Command \textdegree invalid in math mode on input line 32.

Missing character: There is no ° in font cmr12!
Missing character: There is no ° in font cmr12!

LaTeX Warning: Command \textdegree invalid in math mode on input line 32.


LaTeX Warning: Command \textdegree invalid in math mode on input line 32.


LaTeX Warning: Command \textdegree invalid in math mode on input line 32.


LaTeX Warning: Command \textdegree invalid in math mode on input line 32.

Missing character: There is no ° in font cmr12!
Missing character: There is no ° in font cmr12!
[3]
Overfull \hbox (53.47426pt too wide) detected at line 56
 []$[]  \OML/cmm/m/it/12 f[] \OT1/cmr/m/n/12 = (1\OML/cmm/m/it/12 =\OT1/cmr/m/n
/12 2) \OMS/cmsy/m/n/12 ^^A \OT1/cmr/m/n/12 (\OML/cmm/m/it/12 i \OT1/cmr/m/n/12
 + \OMS/cmsy/m/n/12 j[]\OML/cmm/m/it/12 InitialX \OT1/cmr/m/n/12 + \OML/cmm/m/i
t/12 InitialY\OT1/cmr/m/n/12 )\OMS/cmsy/m/n/12 j \OT1/cmr/m/n/12 + \OML/cmm/m/i
t/12 j\OT1/cmr/m/n/12 ) \OMS/cmsy/m/n/12 ^^A \OT1/cmr/m/n/12 (\OML/cmm/m/it/12 
i \OT1/cmr/m/n/12 + \OMS/cmsy/m/n/12 j[]\OML/cmm/m/it/12 InitialX \OT1/cmr/m/n/
12 + \OML/cmm/m/it/12 InitialY\OT1/cmr/m/n/12 )\OMS/cmsy/m/n/12 j \OT1/cmr/m/n/
12 + \OML/cmm/m/it/12 j \OT1/cmr/m/n/12 + 1) + \OML/cmm/m/it/12 j \OT1/cmr/m/n/
12 + \OMS/cmsy/m/n/12 j[]\OML/cmm/m/it/12 InitialY\OT1/cmr/m/n/12 )\OMS/cmsy/m/
n/12 j$ []  
 []

[4]

LaTeX Warning: Reference `fig:texasGrid' on page 5 undefined on input line 94.

<./Figures/texasGrid.png, id=49, 1199.48125pt x 754.82pt>
File: ./Figures/texasGrid.png Graphic file (type png)

<use ./Figures/texasGrid.png>
Package pdftex.def Info: ./Figures/texasGrid.png used on input line 98.
(pdftex.def)             Requested size: 346.89731pt x 218.29327pt.
 [5]
<./Figures/texasGridZoom.png, id=55, 1200.485pt x 751.80875pt>
File: ./Figures/texasGridZoom.png Graphic file (type png)

<use ./Figures/texasGridZoom.png>
Package pdftex.def Info: ./Figures/texasGridZoom.png used on input line 108.
(pdftex.def)             Requested size: 346.89731pt x 217.23888pt.
) [6 <./Figures/texasGrid.png>] [7 <./Figures/texasGridZoom.png>]
Appendix A.
(./Chapters/code.tex [8

]
Overfull \hbox (146.83029pt too wide) in paragraph at lines 181--181
[]    \OT1/cmtt/m/n/12 private SeparateChainingHashST<String,SeparateChainingHa
shST<Double,Pixelization>> pixels;[] 
 []


Overfull \hbox (183.88031pt too wide) in paragraph at lines 181--181
[]        \OT1/cmtt/m/n/12 pixels = new SeparateChainingHashST<String, Separate
ChainingHashST<Double, Pixelization>>();[] 
 []


Overfull \hbox (307.38037pt too wide) in paragraph at lines 181--181
[]            \OT1/cmtt/m/n/12 SeparateChainingHashST<Double,Pixelization> stat
eTable = new SeparateChainingHashST<Double, Pixelization>();[] 
 []


Overfull \hbox (177.7053pt too wide) in paragraph at lines 181--181
[]        \OT1/cmtt/m/n/12 iStart = (int) Math.floor(138.348*(initallon + 97.5)
*Math.cos(Math.toRadians(initiallat)));[] 
 []


Overfull \hbox (146.83029pt too wide) in paragraph at lines 181--181
[]        \OT1/cmtt/m/n/12 iEnd = (int) Math.floor(138.348*(finallon + 97.5)*Ma
th.cos(Math.toRadians(finallat)));[] 
 []

[9]
Overfull \hbox (128.30528pt too wide) in paragraph at lines 181--181
[]            \OT1/cmtt/m/n/12 Connection m_Connection = DriverManager.getConne
ction(url, "tharald", "putin");[] 
 []


Overfull \hbox (400.00542pt too wide) in paragraph at lines 181--181
[]                \OT1/cmtt/m/n/12 PreparedStatement total = m_Connection.prepa
reStatement("REPLACE INTO "+ state + " VALUES(?,?,?,?,?,?,?,?,?,?,?,?,?)");[] 
 []

[10] [11] [12] [13] [14] [15]
Overfull \hbox (23.33023pt too wide) in paragraph at lines 310--310
[]        \OT1/cmtt/m/n/12 double returnn = 0.5*(a+195593+b+1724)*(a+195593+b+1
724+1)+b+1724;[] 
 []

[16] [17] [18]
Overfull \hbox (35.68024pt too wide) in paragraph at lines 310--310
[]     \OT1/cmtt/m/n/12 System.out.println("Starting lat: " + lat + " , Startin
g lon: " + lon);[] 
 []


Overfull \hbox (103.60527pt too wide) in paragraph at lines 310--310
[]     \OT1/cmtt/m/n/12 System.out.println("Lat : " + pixel.get_brLat() + "Long
 + " + pixel.get_brLong());[] 
 []


Overfull \hbox (23.33023pt too wide) in paragraph at lines 500--500
[]\OT1/cmtt/m/n/12 /***********************************************************
**************[] 
 []

[19]
Overfull \hbox (29.50523pt too wide) in paragraph at lines 500--500
[] \OT1/cmtt/m/n/12 ***********************************************************
**************/[] 
 []


Overfull \hbox (10.98022pt too wide) in paragraph at lines 500--500
[]    \OT1/cmtt/m/n/12 private Point2D[] a;    // the points, setting points[0]
 = points[N][] 
 []

[20] [21]
Overfull \hbox (23.33023pt too wide) in paragraph at lines 500--500
[]            \OT1/cmtt/m/n/12 sum = sum + (a[i].x() * a[i+1].y()) - (a[i].y() 
* a[i+1].x());[] 
 []


Overfull \hbox (239.45534pt too wide) in paragraph at lines 500--500
[]    \OT1/cmtt/m/n/12 // if p is on boundary then 0 or 1 is returned, and p is
 in exactly one point of every partition of plane[] 
 []

[22]
Overfull \hbox (220.93033pt too wide) in paragraph at lines 500--500
[]                \OT1/cmtt/m/n/12 if (p.x() < (a[j].x() - a[i].x()) * (p.y() -
 a[i].y()) / (a[j].y() - a[i].y()) + a[i].x())[] 
 []


Overfull \hbox (66.55525pt too wide) in paragraph at lines 500--500
[]    \OT1/cmtt/m/n/12 // Reference: http://softsurfer.com/Archive/algorithm_01
03/algorithm_0103.htm[] 
 []


Overfull \hbox (41.85524pt too wide) in paragraph at lines 500--500
[]            \OT1/cmtt/m/n/12 if (a[i+1].y() >  p.y() && p.y() >= a[i].y())  /
/ upward crossing[] 
 []


Overfull \hbox (54.20525pt too wide) in paragraph at lines 500--500
[]            \OT1/cmtt/m/n/12 if (a[i+1].y() <= p.y() && p.y() <  a[i].y())  /
/ downward crossing[] 
 []

[23] [24]
Overfull \hbox (78.90526pt too wide) in paragraph at lines 500--500
[]        \OT1/cmtt/m/n/12 System.out.println("contains(5, 5) = " + poly.contai
ns(new Point2D(5, 5)));[] 
 []


Overfull \hbox (78.90526pt too wide) in paragraph at lines 500--500
[]        \OT1/cmtt/m/n/12 System.out.println("contains(9, 5) = " + poly.contai
ns(new Point2D(9, 5)));[] 
 []


Overfull \hbox (78.90526pt too wide) in paragraph at lines 500--500
[]        \OT1/cmtt/m/n/12 System.out.println("contains(9, 9) = " + poly.contai
ns(new Point2D(9, 9)));[] 
 []


Overfull \hbox (78.90526pt too wide) in paragraph at lines 500--500
[]        \OT1/cmtt/m/n/12 System.out.println("contains(5, 9) = " + poly.contai
ns(new Point2D(5, 9)));[] 
 []


Overfull \hbox (78.90526pt too wide) in paragraph at lines 500--500
[]        \OT1/cmtt/m/n/12 System.out.println("contains(7, 5) = " + poly.contai
ns(new Point2D(7, 5)));[] 
 []


Overfull \hbox (78.90526pt too wide) in paragraph at lines 500--500
[]        \OT1/cmtt/m/n/12 System.out.println("contains(5, 7) = " + poly.contai
ns(new Point2D(5, 7)));[] 
 []


Overfull \hbox (78.90526pt too wide) in paragraph at lines 500--500
[]        \OT1/cmtt/m/n/12 System.out.println("contains(7, 9) = " + poly.contai
ns(new Point2D(7, 9)));[] 
 []


Overfull \hbox (78.90526pt too wide) in paragraph at lines 500--500
[]        \OT1/cmtt/m/n/12 System.out.println("contains(9, 7) = " + poly.contai
ns(new Point2D(9, 7)));[] 
 []

[25]
Overfull \hbox (165.3553pt too wide) in paragraph at lines 500--500
[]        \OT1/cmtt/m/n/12 // generate N random points in the unit square and c
heck what fraction are in the polygon[] 
 []


Overfull \hbox (134.48029pt too wide) in paragraph at lines 500--500
[]            \OT1/cmtt/m/n/12 if (poly.contains(p) != poly.contains2(p)) Syste
m.out.println("different " + p);[] 
 []


Overfull \hbox (41.85524pt too wide) in paragraph at lines 500--500
[]        \OT1/cmtt/m/n/12 // true answer is = 0.16 (depends on how boundary po
ints are handled)[] 
 []

[26]
Overfull \hbox (91.25526pt too wide) in paragraph at lines 657--657
[]        \OT1/cmtt/m/n/12 DocumentBuilderFactory builderFactory = DocumentBuil
derFactory.newInstance();[] 
 []


Overfull \hbox (29.50523pt too wide) in paragraph at lines 657--657
[]            \OT1/cmtt/m/n/12 DocumentBuilder dBuilder = builderFactory.newDoc
umentBuilder();[] 
 []


Overfull \hbox (177.7053pt too wide) in paragraph at lines 657--657
[]            \OT1/cmtt/m/n/12 Document document = dBuilder.parse(XMLReader.cla
ss.getResourceAsStream("/states.xml"));[] 
 []


Overfull \hbox (251.80534pt too wide) in paragraph at lines 657--657
[]            \OT1/cmtt/m/n/12 Document centroidsDocument = dBuilder.parse(XMLR
eader.class.getResourceAsStream("/centroids.xml"));[] 
 []


Overfull \hbox (72.73026pt too wide) in paragraph at lines 657--657
[]            \OT1/cmtt/m/n/12 NodeList centroids = centroidsDocument.getElemen
tsByTagName("states");[] 
 []

[27]
Overfull \hbox (17.15523pt too wide) in paragraph at lines 657--657
[]            \OT1/cmtt/m/n/12 NodeList rootNodes = document.getElementsByTagNa
me("states");[] 
 []


Overfull \hbox (41.85524pt too wide) in paragraph at lines 657--657
[]            \OT1/cmtt/m/n/12 org.w3c.dom.Element rootElement = (org.w3c.dom.E
lement) rootNode;[] 
 []


Overfull \hbox (35.68024pt too wide) in paragraph at lines 657--657
[]            \OT1/cmtt/m/n/12 NodeList statesList = rootElement.getElementsByT
agName("state");[] 
 []


Overfull \hbox (97.43027pt too wide) in paragraph at lines 657--657
[]            \OT1/cmtt/m/n/12 NodeList centroidList = centroidElementRoot.getE
lementsByTagName("state");[] 
 []


Overfull \hbox (72.73026pt too wide) in paragraph at lines 657--657
[]                \OT1/cmtt/m/n/12 org.w3c.dom.Element stateElement = (org.w3c.
dom.Element) theState;[] 
 []


Overfull \hbox (103.60527pt too wide) in paragraph at lines 657--657
[]                \OT1/cmtt/m/n/12 //StdOut.println("This state is " + stateEle
ment.getAttribute("name"));[] 
 []


Overfull \hbox (301.20537pt too wide) in paragraph at lines 657--657
[]                \OT1/cmtt/m/n/12 Polygon newState = new Polygon(stateElement.
getAttribute("name"), stateElement.getAttribute("colour"));[] 
 []


Overfull \hbox (60.38025pt too wide) in paragraph at lines 657--657
[]                \OT1/cmtt/m/n/12 NodeList pointList = stateElement.getElement
sByTagName("point");[] 
 []


Overfull \hbox (153.0053pt too wide) in paragraph at lines 657--657
[]                    \OT1/cmtt/m/n/12 org.w3c.dom.Element pointElement = (org.
w3c.dom.Element) pointList.item(j);[] 
 []


Overfull \hbox (542.03049pt too wide) in paragraph at lines 657--657
[]                    \OT1/cmtt/m/n/12 Point2D newPoint = new Point2D(Double.pa
rseDouble(pointElement.getAttribute("lng")),Double.parseDouble(pointElement.get
Attribute("lat")));[] 
 []


Overfull \hbox (350.6054pt too wide) in paragraph at lines 657--657
[]                    \OT1/cmtt/m/n/12 //StdOut.println("Lat: " + pointElement.
getAttribute("lat") + "Long: " + pointElement.getAttribute("lng"));[] 
 []


Overfull \hbox (554.3805pt too wide) in paragraph at lines 657--657
[]                \OT1/cmtt/m/n/12 Point2D centroid = new Point2D(Double.parseD
ouble(centroidElement.getAttribute("lon")),Double.parseDouble(centroidElement.g
etAttribute("lat")));[] 
 []

[28]
Overfull \hbox (4.80522pt too wide) in paragraph at lines 657--657
[]                \OT1/cmtt/m/n/12 states.put(stateElement.getAttribute("name")
,newState);[] 
 []

[29] [30] [31]
Overfull \hbox (17.15523pt too wide) in paragraph at lines 976--976
[]\OT1/cmtt/m/n/12 import org.openstreetmap.gui.jmapviewer.tilesources.BingAeri
alTileSource;[] 
 []


Overfull \hbox (66.55525pt too wide) in paragraph at lines 976--976
[]\OT1/cmtt/m/n/12 import org.openstreetmap.gui.jmapviewer.tilesources.MapQuest
OpenAerialTileSource;[] 
 []


Overfull \hbox (23.33023pt too wide) in paragraph at lines 976--976
[]\OT1/cmtt/m/n/12 import org.openstreetmap.gui.jmapviewer.tilesources.MapQuest
OsmTileSource;[] 
 []

[32]
Overfull \hbox (23.33023pt too wide) in paragraph at lines 976--976
[]\OT1/cmtt/m/n/12 public class TestFrame extends JFrame implements JMapViewerE
ventListener {[] 
 []

[33]
Overfull \hbox (23.33023pt too wide) in paragraph at lines 976--976
[]        \OT1/cmtt/m/n/12 // Listen to the map viewer for user operations so c
omponents will[] 
 []


Overfull \hbox (23.33023pt too wide) in paragraph at lines 976--976
[]        \OT1/cmtt/m/n/12 // final JMapViewer map = new JMapViewer(new MemoryT
ileCache(),4);[] 
 []

[34]
Overfull \hbox (66.55525pt too wide) in paragraph at lines 976--976
[]        \OT1/cmtt/m/n/12 mperpLabelValue=new JLabel(String.format("%s",map().
getMeterPerPixel()));[] 
 []


Overfull \hbox (23.33023pt too wide) in paragraph at lines 976--976
[]        \OT1/cmtt/m/n/12 JLabel helpLabel = new JLabel("Use right mouse butto
n to move,\n "[] 
 []


Overfull \hbox (264.15535pt too wide) in paragraph at lines 976--976
[]        \OT1/cmtt/m/n/12 JComboBox<TileSource> tileSourceSelector = new JComb
oBox<>(new TileSource[] { new OsmTileSource.Mapnik(),[] 
 []

[35]
Overfull \hbox (437.05544pt too wide) in paragraph at lines 976--976
[]                \OT1/cmtt/m/n/12 new OsmTileSource.CycleMap(), new BingAerial
TileSource(), new MapQuestOsmTileSource(), new MapQuestOpenAerialTileSource() }
);[] 
 []


Overfull \hbox (375.3054pt too wide) in paragraph at lines 976--976
[]            \OT1/cmtt/m/n/12 tileLoaderSelector = new JComboBox<>(new TileLoa
der[] { new OsmFileCacheTileLoader(map()), new OsmTileLoader(map()) });[] 
 []


Overfull \hbox (159.1803pt too wide) in paragraph at lines 976--976
[]            \OT1/cmtt/m/n/12 tileLoaderSelector = new JComboBox<>(new TileLoa
der[] { new OsmTileLoader(map()) });[] 
 []


Overfull \hbox (54.20525pt too wide) in paragraph at lines 976--976
[]        \OT1/cmtt/m/n/12 map().setTileLoader((TileLoader) tileLoaderSelector.
getSelectedItem());[] 
 []


Overfull \hbox (41.85524pt too wide) in paragraph at lines 976--976
[]        \OT1/cmtt/m/n/12 final JCheckBox showMapMarker = new JCheckBox("Map m
arkers visible");[] 
 []

[36]
Overfull \hbox (48.03024pt too wide) in paragraph at lines 976--976
[]        \OT1/cmtt/m/n/12 final JCheckBox showTreeLayers = new JCheckBox("Tree
 Layers visible");[] 
 []


Overfull \hbox (4.80522pt too wide) in paragraph at lines 976--976
[]        \OT1/cmtt/m/n/12 final JCheckBox showToolTip = new JCheckBox("ToolTip
 visible");[] 
 []


Overfull \hbox (23.33023pt too wide) in paragraph at lines 976--976
[]        \OT1/cmtt/m/n/12 final JCheckBox showTileGrid = new JCheckBox("Tile g
rid visible");[] 
 []


Overfull \hbox (54.20525pt too wide) in paragraph at lines 976--976
[]        \OT1/cmtt/m/n/12 final JCheckBox showZoomControls = new JCheckBox("Sh
ow zoom controls");[] 
 []

[37]
Overfull \hbox (29.50523pt too wide) in paragraph at lines 976--976
[]                \OT1/cmtt/m/n/12 map().setZoomContolsVisible(showZoomControls
.isSelected());[] 
 []


Overfull \hbox (60.38025pt too wide) in paragraph at lines 976--976
[]        \OT1/cmtt/m/n/12 final JCheckBox scrollWrapEnabled = new JCheckBox("S
crollwrap enabled");[] 
 []


Overfull \hbox (29.50523pt too wide) in paragraph at lines 976--976
[]                \OT1/cmtt/m/n/12 map().setScrollWrapEnabled(scrollWrapEnabled
.isSelected());[] 
 []

[38]
Overfull \hbox (177.7053pt too wide) in paragraph at lines 976--976
[]        \OT1/cmtt/m/n/12 SeparateChainingHashST<String, Layer>  states = new 
SeparateChainingHashST<String,Layer>();[] 
 []

[39]
Overfull \hbox (177.7053pt too wide) in paragraph at lines 976--976
[]                    \OT1/cmtt/m/n/12 Connection m_Connection = DriverManager.
getConnection(url, "tharald", "putin");[] 
 []


Overfull \hbox (332.08038pt too wide) in paragraph at lines 976--976
[]                    \OT1/cmtt/m/n/12 PreparedStatement total = m_Connection.p
repareStatement("SELECT * FROM " + jComboBox.getSelectedItem());[] 
 []


Overfull \hbox (29.50523pt too wide) in paragraph at lines 976--976
[]                       \OT1/cmtt/m/n/12 String state = (String) jComboBox.get
SelectedItem();[] 
 []


Overfull \hbox (41.85524pt too wide) in paragraph at lines 976--976
[]                       \OT1/cmtt/m/n/12 List<Coordinate> points = new ArrayLi
st<Coordinate>();[] 
 []

[40]
Overfull \hbox (128.30528pt too wide) in paragraph at lines 976--976
[]                       \OT1/cmtt/m/n/12 MapPolygonImpl  pix =  new MapPolygon
Impl(states.get(state),points);[] 
 []

[41]
Overfull \hbox (66.55525pt too wide) in paragraph at lines 976--976
[]                    \OT1/cmtt/m/n/12 map().getAttribution().handleAttribution
(e.getPoint(), true);[] 
 []


Overfull \hbox (103.60527pt too wide) in paragraph at lines 976--976
[]                \OT1/cmtt/m/n/12 boolean cursorHand = map().getAttribution().
handleAttributionCursor(p);[] 
 []


Overfull \hbox (4.80522pt too wide) in paragraph at lines 976--976
[]                    \OT1/cmtt/m/n/12 map().setCursor(new Cursor(Cursor.DEFAUL
T_CURSOR));[] 
 []


Overfull \hbox (177.7053pt too wide) in paragraph at lines 976--976
[]                \OT1/cmtt/m/n/12 if(showToolTip.isSelected()) map().setToolTi
pText(map().getPosition(p).toString());[] 
 []

[42]
Overfull \hbox (10.98022pt too wide) in paragraph at lines 976--976
[]        \OT1/cmtt/m/n/12 if (command.getCommand().equals(JMVCommandEvent.COMM
AND.ZOOM) ||[] 
 []


Overfull \hbox (35.68024pt too wide) in paragraph at lines 976--976
[]                \OT1/cmtt/m/n/12 command.getCommand().equals(JMVCommandEvent.
COMMAND.MOVE)) {[] 
 []


Overfull \hbox (72.73026pt too wide) in paragraph at lines 976--976
[]            \OT1/cmtt/m/n/12 mperpLabelValue.setText(String.format("%s",map()
.getMeterPerPixel()));[] 
 []


Overfull \hbox (23.33023pt too wide) in paragraph at lines 976--976
[]        \OT1/cmtt/m/n/12 // java.util.Properties systemProperties = System.ge
tProperties();[] 
 []

[43]
Overfull \hbox (4.80522pt too wide) in paragraph at lines 976--976
[]        \OT1/cmtt/m/n/12 // systemProperties.setProperty("http.proxyHost", "l
ocalhost");[] 
 []

)
No file thesis.bbl.
[44] (./thesis.aux)

LaTeX Warning: There were undefined references.


LaTeX Warning: Label(s) may have changed. Rerun to get cross-references right.

 ) 
Here is how much of TeX's memory you used:
 3481 strings out of 493117
 46480 string characters out of 6135433
 109757 words of memory out of 5000000
 6851 multiletter control sequences out of 15000+600000
 12891 words of font info for 49 fonts, out of 8000000 for 9000
 1141 hyphenation exceptions out of 8191
 38i,10n,24p,1189b,264s stack positions out of 5000i,500n,10000p,200000b,80000s
{/usr/local/texlive/2014/texmf-dist/fonts/enc/dvips/cm-super/cm-super-ts1.enc
}</usr/local/texlive/2014/texmf-dist/fonts/type1/public/amsfonts/cm/cmbx12.pfb>
</usr/local/texlive/2014/texmf-dist/fonts/type1/public/amsfonts/cm/cmcsc10.pfb>
</usr/local/texlive/2014/texmf-dist/fonts/type1/public/amsfonts/cm/cmmi12.pfb><
/usr/local/texlive/2014/texmf-dist/fonts/type1/public/amsfonts/cm/cmmi8.pfb></u
sr/local/texlive/2014/texmf-dist/fonts/type1/public/amsfonts/cm/cmr12.pfb></usr
/local/texlive/2014/texmf-dist/fonts/type1/public/amsfonts/cm/cmsl12.pfb></usr/
local/texlive/2014/texmf-dist/fonts/type1/public/amsfonts/cm/cmsy10.pfb></usr/l
ocal/texlive/2014/texmf-dist/fonts/type1/public/amsfonts/cm/cmtt12.pfb></usr/lo
cal/texlive/2014/texmf-dist/fonts/type1/public/cm-super/sfrm1200.pfb>
Output written on thesis.pdf (52 pages, 831730 bytes).
PDF statistics:
 215 PDF objects out of 1000 (max. 8388607)
 146 compressed objects within 2 object streams
 0 named destinations out of 1000 (max. 500000)
 11 words of extra memory for PDF output out of 10000 (max. 10000000)

